<?xml version="1.0" encoding="UTF-8"?>
<!-- Generated by org.testng.reporters.JUnitXMLReporter -->
<testsuite ignored="0" hostname="DESKTOP-R7I35HI" failures="0" tests="10" name="Default test" time="53.579" errors="0" timestamp="2025-06-30T17:57:19 IST">
  <testcase classname="testcases.RestAssured_TestCases" name="getLocalizationValid" time="2.205"/>
  <testcase classname="testcases.RestAssured_TestCases" name="getActiveLanguages" time="1.585"/>
  <testcase classname="testcases.RestAssured_TestCases" name="getDashboardShortcuts" time="2.871"/>
  <testcase classname="testcases.RestAssured_TestCases" name="getAuthProviders" time="1.019"/>
  <testcase classname="testcases.RestAssured_TestCases" name="getAdminOAuthList" time="0.986"/>
  <testcase classname="testcases.RestAssured_TestCases" name="getEmployeeList" time="1.018"/>
  <testcase classname="testcases.RestAssured_TestCases" name="putLanguagePackage" time="5.413"/>
  <testcase classname="testcases.RestAssured_TestCases" name="deleteLangById" time="3.404"/>
  <testcase classname="testcases.RestAssured_TestCases" name="putModulesSettings" time="0.977"/>
  <testcase classname="testcases.RestAssured_TestCases" name="postOpenIdProvide" time="4.709"/>
</testsuite> <!-- Default test -->
