<?xml version="1.0" encoding="UTF-8"?>
<!-- Generated by org.testng.reporters.JUnitXMLReporter -->
<testsuite ignored="0" hostname="Ameet" failures="0" tests="10" name="Test" time="38.769" errors="0" timestamp="2025-07-01T11:42:54 IST">
  <testcase classname="testcases.RestAssured_TestCases" name="getLocalizationValid" time="3.971"/>
  <testcase classname="testcases.RestAssured_TestCases" name="getActiveLanguages" time="0.952"/>
  <testcase classname="testcases.RestAssured_TestCases" name="getDashboardShortcuts" time="0.864"/>
  <testcase classname="testcases.RestAssured_TestCases" name="getAuthProviders" time="0.875"/>
  <testcase classname="testcases.RestAssured_TestCases" name="getAdminOAuthList" time="0.818"/>
  <testcase classname="testcases.RestAssured_TestCases" name="getEmployeeList" time="0.959"/>
  <testcase classname="testcases.RestAssured_TestCases" name="putLanguagePackage" time="3.147"/>
  <testcase classname="testcases.RestAssured_TestCases" name="deleteLangById" time="1.791"/>
  <testcase classname="testcases.RestAssured_TestCases" name="putModulesSettings" time="0.849"/>
  <testcase classname="testcases.RestAssured_TestCases" name="postOpenIdProvide" time="0.828"/>
</testsuite> <!-- Test -->
