<?xml version="1.0" encoding="UTF-8"?>
<testng-results ignored="0" total="10" passed="10" failed="0" skipped="0">
  <reporter-output>
  </reporter-output>
  <suite started-at="2025-07-01T11:42:15 IST" name="Suite" finished-at="2025-07-01T11:42:54 IST" duration-ms="38769">
    <groups>
      <group name="PL1">
        <method signature="RestAssured_TestCases.getLocalizationValid()[pri:1, instance:testcases.RestAssured_TestCases@169bb4dd]" name="getLocalizationValid" class="testcases.RestAssured_TestCases"/>
        <method signature="RestAssured_TestCases.getActiveLanguages()[pri:2, instance:testcases.RestAssured_TestCases@169bb4dd]" name="getActiveLanguages" class="testcases.RestAssured_TestCases"/>
        <method signature="RestAssured_TestCases.getDashboardShortcuts()[pri:3, instance:testcases.RestAssured_TestCases@169bb4dd]" name="getDashboardShortcuts" class="testcases.RestAssured_TestCases"/>
        <method signature="RestAssured_TestCases.getAuthProviders()[pri:4, instance:testcases.RestAssured_TestCases@169bb4dd]" name="getAuthProviders" class="testcases.RestAssured_TestCases"/>
        <method signature="RestAssured_TestCases.getAdminOAuthList()[pri:5, instance:testcases.RestAssured_TestCases@169bb4dd]" name="getAdminOAuthList" class="testcases.RestAssured_TestCases"/>
        <method signature="RestAssured_TestCases.getEmployeeList()[pri:6, instance:testcases.RestAssured_TestCases@169bb4dd]" name="getEmployeeList" class="testcases.RestAssured_TestCases"/>
        <method signature="RestAssured_TestCases.putLanguagePackage()[pri:7, instance:testcases.RestAssured_TestCases@169bb4dd]" name="putLanguagePackage" class="testcases.RestAssured_TestCases"/>
        <method signature="RestAssured_TestCases.deleteLangById()[pri:8, instance:testcases.RestAssured_TestCases@169bb4dd]" name="deleteLangById" class="testcases.RestAssured_TestCases"/>
        <method signature="RestAssured_TestCases.putModulesSettings()[pri:9, instance:testcases.RestAssured_TestCases@169bb4dd]" name="putModulesSettings" class="testcases.RestAssured_TestCases"/>
        <method signature="RestAssured_TestCases.postOpenIdProvide()[pri:10, instance:testcases.RestAssured_TestCases@169bb4dd]" name="postOpenIdProvide" class="testcases.RestAssured_TestCases"/>
      </group> <!-- PL1 -->
    </groups>
    <test started-at="2025-07-01T11:42:15 IST" name="Test" finished-at="2025-07-01T11:42:54 IST" duration-ms="38769">
      <class name="testcases.RestAssured_TestCases">
        <test-method is-config="true" signature="loginWithSeleniumAndGetCookie()[pri:0, instance:testcases.RestAssured_TestCases@169bb4dd]" started-at="2025-07-01T11:42:15 IST" name="loginWithSeleniumAndGetCookie" finished-at="2025-07-01T11:42:38 IST" duration-ms="23444" status="PASS">
          <reporter-output>
          </reporter-output>
        </test-method> <!-- loginWithSeleniumAndGetCookie -->
        <test-method signature="getLocalizationValid()[pri:1, instance:testcases.RestAssured_TestCases@169bb4dd]" started-at="2025-07-01T11:42:38 IST" name="getLocalizationValid" description="1. Send a GET request to the &#039;/web/index.php/api/v2/admin/localization&#039; endpoint with a valid cookie
2. Do not pass any request body (null)
3. Print and verify the response status code and response body
4. Assert that the response status code is 200 (OK)" finished-at="2025-07-01T11:42:42 IST" duration-ms="3971" status="PASS">
          <reporter-output>
          </reporter-output>
        </test-method> <!-- getLocalizationValid -->
        <test-method signature="getActiveLanguages()[pri:2, instance:testcases.RestAssured_TestCases@169bb4dd]" started-at="2025-07-01T11:42:42 IST" name="getActiveLanguages" description="1. Send a GET request to the &#039;/web/index.php/api/v2/admin/i18n/languages?limit=50&amp;offset=0&amp;sortOrder=ASC&amp;activeOnly=true&#039; endpoint with a valid cookie
2. Do not include any request body (null)
3. Print the response status code and response body for logging
4. Assert that the response status code is 200 (OK)" finished-at="2025-07-01T11:42:43 IST" duration-ms="952" status="PASS">
          <reporter-output>
          </reporter-output>
        </test-method> <!-- getActiveLanguages -->
        <test-method signature="getDashboardShortcuts()[pri:3, instance:testcases.RestAssured_TestCases@169bb4dd]" started-at="2025-07-01T11:42:43 IST" name="getDashboardShortcuts" description="1. Send a GET request to the &#039;/web/index.php/api/v2/dashboard/shortcuts&#039; endpoint with a valid cookie
2. Do not provide any request body (null)
3. Print the response status code and body for verification
4. Assert that the response status code is 200 (OK)" finished-at="2025-07-01T11:42:44 IST" duration-ms="864" status="PASS">
          <reporter-output>
          </reporter-output>
        </test-method> <!-- getDashboardShortcuts -->
        <test-method signature="getAuthProviders()[pri:4, instance:testcases.RestAssured_TestCases@169bb4dd]" started-at="2025-07-01T11:42:44 IST" name="getAuthProviders" description="1. Send a GET request to the &#039;/web/index.php/api/v2/auth/openid-providers?limit=50&amp;offset=0&#039; endpoint with a valid cookie
2. Do not include any request body (null)
3. Log the date used, response status code, and response body
4. Assert that the response status code is 200 (OK)" finished-at="2025-07-01T11:42:45 IST" duration-ms="875" status="PASS">
          <reporter-output>
          </reporter-output>
        </test-method> <!-- getAuthProviders -->
        <test-method signature="getAdminOAuthList()[pri:5, instance:testcases.RestAssured_TestCases@169bb4dd]" started-at="2025-07-01T11:42:45 IST" name="getAdminOAuthList" description="1. Send a GET request to the &#039;/web/index.php/api/v2/admin/oauth-clients?limit=50&amp;offset=0&#039; endpoint with a valid cookie
2. Do not provide any request body (null)
3. Print the response status code and response body for validation
4. Assert that the response status code is 200 (OK)" finished-at="2025-07-01T11:42:46 IST" duration-ms="818" status="PASS">
          <reporter-output>
          </reporter-output>
        </test-method> <!-- getAdminOAuthList -->
        <test-method signature="getEmployeeList()[pri:6, instance:testcases.RestAssured_TestCases@169bb4dd]" started-at="2025-07-01T11:42:46 IST" name="getEmployeeList" description="1. Construct the endpoint &#039;/web/index.php/api/v2/pim/employees?limit=50&amp;offset=0&amp;model=detailed&amp;includeEmployees=onlyCurrent&amp;sortField=employee.firstName&amp;sortOrder=ASC&#039; 
2. Send a GET request with the constructed endpoint, valid cookie, and request body
3. Print the response status code and body for verification
4. Assert that the response status code is 200 (OK)" finished-at="2025-07-01T11:42:47 IST" duration-ms="959" status="PASS">
          <reporter-output>
          </reporter-output>
        </test-method> <!-- getEmployeeList -->
        <test-method signature="putLanguagePackage()[pri:7, instance:testcases.RestAssured_TestCases@169bb4dd]" started-at="2025-07-01T11:42:47 IST" name="putLanguagePackage" description="1. fetch the language package number thast doesnt already exist in the list. 2. Send a PUT request to the &#039;/web/index.php/api/v2/admin/i18n/languages/{{lang_package_no}}&#039; endpoint with a valid cookie and request body\n3. Print the request body, response status code, and response body for debugging
4. Assert that the response status code is 200, indicating successful creation" finished-at="2025-07-01T11:42:50 IST" duration-ms="3147" status="PASS">
          <reporter-output>
          </reporter-output>
        </test-method> <!-- putLanguagePackage -->
        <test-method signature="deleteLangById()[pri:8, instance:testcases.RestAssured_TestCases@169bb4dd]" started-at="2025-07-01T11:42:50 IST" name="deleteLangById" description="1. fetch the language package number that doesnt already exist in the list and send its id as req body. 2. Send a DELETE request to the &#039;/web/index.php/api/v2/admin/i18n/languages&#039; endpoint with a valid cookie and request body\n3. Print the request body, response status code, and response body for debugging
4. Assert that the response status code is 200, indicating successful creation" finished-at="2025-07-01T11:42:52 IST" duration-ms="1791" status="PASS">
          <reporter-output>
          </reporter-output>
        </test-method> <!-- deleteLangById -->
        <test-method signature="putModulesSettings()[pri:9, instance:testcases.RestAssured_TestCases@169bb4dd]" started-at="2025-07-01T11:42:52 IST" name="putModulesSettings" description="1. Create a req body with boolean entries ,. 2. Send a PUT request to the &#039;/web/index.php/api/v2/admin/modules&#039; endpoint with a valid cookie and request body\n3. Print the request body, response status code, and response body for debugging
4. Assert that the response status code is 200, indicating successful creation" finished-at="2025-07-01T11:42:53 IST" duration-ms="849" status="PASS">
          <reporter-output>
          </reporter-output>
        </test-method> <!-- putModulesSettings -->
        <test-method signature="postOpenIdProvide()[pri:10, instance:testcases.RestAssured_TestCases@169bb4dd]" started-at="2025-07-01T11:42:53 IST" name="postOpenIdProvide" description="1. Create a req body with required fields({name: &quot;ABCDE&quot;, url: &quot;WWW.GOOGLE.COM&quot;, clientId: &quot;1&quot;, clientSecret: &quot;123&quot;}) and making the name unique. 2. Send a POST request to the &#039;/web/index.php/api/v2/auth/openid-providers&#039; endpoint with a valid cookie and request body\n3. Print the request body, response status code, and response body for debugging
4. Assert that the response status code is 200, indicating successful creation" finished-at="2025-07-01T11:42:54 IST" duration-ms="828" status="PASS">
          <reporter-output>
          </reporter-output>
        </test-method> <!-- postOpenIdProvide -->
      </class> <!-- testcases.RestAssured_TestCases -->
    </test> <!-- Test -->
  </suite> <!-- Suite -->
</testng-results>
